2018-12-29 14:32:05.168  INFO 73314 --- [restartedMain] com.nortal.cake_club.CakeClubApp         : Starting CakeClubApp on Ivans-MacBook-Pro.local with PID 73314 (/Users/ivts/Projects/Test_Tasks/nortal/build/classes/java/main started by ivts in /Users/ivts/Projects/Test_Tasks/nortal)
2018-12-29 14:32:05.176 DEBUG 73314 --- [restartedMain] com.nortal.cake_club.CakeClubApp         : Running with Spring Boot v2.0.5.RELEASE, Spring v5.0.9.RELEASE
2018-12-29 14:32:05.181  INFO 73314 --- [restartedMain] com.nortal.cake_club.CakeClubApp         : The following profiles are active: dev,swagger
2018-12-29 14:32:10.450 DEBUG 73314 --- [restartedMain] c.n.cake_club.config.AsyncConfiguration  : Creating Async Task Executor
2018-12-29 14:32:11.602 DEBUG 73314 --- [restartedMain] c.n.c.config.MetricsConfiguration        : Registering JVM gauges
2018-12-29 14:32:11.725 DEBUG 73314 --- [restartedMain] c.n.c.config.MetricsConfiguration        : Monitoring the datasource
2018-12-29 14:32:11.726 DEBUG 73314 --- [restartedMain] c.n.c.config.MetricsConfiguration        : Initializing Metrics JMX reporting
2018-12-29 14:32:13.992 DEBUG 73314 --- [restartedMain] c.n.c.config.LiquibaseConfiguration      : Configuring Liquibase
2018-12-29 14:32:14.541  WARN 73314 --- [cake-club-Executor-1] i.g.j.c.liquibase.AsyncSpringLiquibase   : Starting Liquibase asynchronously, your database might not be ready at startup!
2018-12-29 14:32:17.272 DEBUG 73314 --- [cake-club-Executor-1] i.g.j.c.liquibase.AsyncSpringLiquibase   : Liquibase has updated your database in 2729 ms
2018-12-29 14:32:20.201 DEBUG 73314 --- [restartedMain] c.nortal.cake_club.config.WebConfigurer  : Registering CORS filter
2018-12-29 14:32:20.408  INFO 73314 --- [restartedMain] c.nortal.cake_club.config.WebConfigurer  : Web application configuration, using profiles: dev
2018-12-29 14:32:20.408 DEBUG 73314 --- [restartedMain] c.nortal.cake_club.config.WebConfigurer  : Initializing Metrics registries
2018-12-29 14:32:20.415 DEBUG 73314 --- [restartedMain] c.nortal.cake_club.config.WebConfigurer  : Registering Metrics Filter
2018-12-29 14:32:20.419 DEBUG 73314 --- [restartedMain] c.nortal.cake_club.config.WebConfigurer  : Registering Metrics Servlet
2018-12-29 14:32:20.426 DEBUG 73314 --- [restartedMain] c.nortal.cake_club.config.WebConfigurer  : Initialize H2 console
2018-12-29 14:32:20.431  INFO 73314 --- [restartedMain] c.nortal.cake_club.config.WebConfigurer  : Web application fully configured
2018-12-29 14:32:20.979 DEBUG 73314 --- [restartedMain] c.n.c.security.jwt.TokenProvider         : Using a Base64-encoded JWT secret key
2018-12-29 14:32:28.679 DEBUG 73314 --- [restartedMain] c.n.c.config.DatabaseConfiguration       : Starting H2 database
2018-12-29 14:32:32.178 DEBUG 73314 --- [restartedMain] i.g.j.c.apidoc.SwaggerAutoConfiguration  : Starting Swagger
2018-12-29 14:32:32.202 DEBUG 73314 --- [restartedMain] i.g.j.c.apidoc.SwaggerAutoConfiguration  : Started Swagger in 22 ms
2018-12-29 14:32:36.643  INFO 73314 --- [restartedMain] com.nortal.cake_club.CakeClubApp         : Started CakeClubApp in 33.496 seconds (JVM running for 34.5)
2018-12-29 14:32:36.746  INFO 73314 --- [restartedMain] com.nortal.cake_club.CakeClubApp         : 
----------------------------------------------------------
	Application 'cakeClub' is running! Access URLs:
	Local: 		http://localhost:8080/
	External: 	http://192.168.0.104:8080/
	Profile(s): 	[dev, swagger]
----------------------------------------------------------
2018-12-29 14:33:05.621 DEBUG 73314 --- [XNIO-2 task-3] c.n.cake_club.aop.logging.LoggingAspect  : Enter: com.nortal.cake_club.web.rest.EventResource.getAllEvents() with argument[s] = [false]
2018-12-29 14:33:05.634 DEBUG 73314 --- [XNIO-2 task-2] c.n.cake_club.aop.logging.LoggingAspect  : Enter: com.nortal.cake_club.repository.CustomAuditEventRepository.add() with argument[s] = [AuditEvent [timestamp=2018-12-29T12:33:05.556Z, principal=anonymousUser, type=AUTHORIZATION_FAILURE, data={details=org.springframework.security.web.authentication.WebAuthenticationDetails@957e: RemoteIpAddress: 127.0.0.1; SessionId: null, type=org.springframework.security.access.AccessDeniedException, message=Access is denied}]]
2018-12-29 14:33:05.656 DEBUG 73314 --- [XNIO-2 task-2] c.n.cake_club.aop.logging.LoggingAspect  : Exit: com.nortal.cake_club.repository.CustomAuditEventRepository.add() with result = null
2018-12-29 14:33:05.669 DEBUG 73314 --- [XNIO-2 task-3] c.n.cake_club.aop.logging.LoggingAspect  : Enter: com.nortal.cake_club.service.EventService.getAllEvents() with argument[s] = [null, false]
2018-12-29 14:33:05.717  WARN 73314 --- [XNIO-2 task-2] o.z.problem.spring.common.AdviceTrait    : Unauthorized: Full authentication is required to access this resource
2018-12-29 14:33:06.089  WARN 73314 --- [XNIO-2 task-2] .m.m.a.ExceptionHandlerExceptionResolver : Resolved exception caused by handler execution: org.springframework.security.authentication.InsufficientAuthenticationException: Full authentication is required to access this resource
2018-12-29 14:33:06.234 DEBUG 73314 --- [XNIO-2 task-3] c.n.cake_club.aop.logging.LoggingAspect  : Exit: com.nortal.cake_club.service.EventService.getAllEvents() with result = [com.nortal.cake_club.service.dto.EventDTO@5916ade6, com.nortal.cake_club.service.dto.EventDTO@44f83150, com.nortal.cake_club.service.dto.EventDTO@51d8ccbf, com.nortal.cake_club.service.dto.EventDTO@35c6dfc5, com.nortal.cake_club.service.dto.EventDTO@59d32d06, com.nortal.cake_club.service.dto.EventDTO@5ca4f5dd, com.nortal.cake_club.service.dto.EventDTO@4b8e67c2, com.nortal.cake_club.service.dto.EventDTO@4835a181, com.nortal.cake_club.service.dto.EventDTO@8ce1e9c, com.nortal.cake_club.service.dto.EventDTO@733f1845, com.nortal.cake_club.service.dto.EventDTO@4bb7d197, com.nortal.cake_club.service.dto.EventDTO@2eeb48c9, com.nortal.cake_club.service.dto.EventDTO@56298976]
2018-12-29 14:33:06.236 DEBUG 73314 --- [XNIO-2 task-3] c.n.cake_club.aop.logging.LoggingAspect  : Exit: com.nortal.cake_club.web.rest.EventResource.getAllEvents() with result = <200 OK,[com.nortal.cake_club.service.dto.EventDTO@5916ade6, com.nortal.cake_club.service.dto.EventDTO@44f83150, com.nortal.cake_club.service.dto.EventDTO@51d8ccbf, com.nortal.cake_club.service.dto.EventDTO@35c6dfc5, com.nortal.cake_club.service.dto.EventDTO@59d32d06, com.nortal.cake_club.service.dto.EventDTO@5ca4f5dd, com.nortal.cake_club.service.dto.EventDTO@4b8e67c2, com.nortal.cake_club.service.dto.EventDTO@4835a181, com.nortal.cake_club.service.dto.EventDTO@8ce1e9c, com.nortal.cake_club.service.dto.EventDTO@733f1845, com.nortal.cake_club.service.dto.EventDTO@4bb7d197, com.nortal.cake_club.service.dto.EventDTO@2eeb48c9, com.nortal.cake_club.service.dto.EventDTO@56298976],{}>
2018-12-29 14:33:14.337 DEBUG 73314 --- [XNIO-2 task-4] c.n.cake_club.aop.logging.LoggingAspect  : Enter: com.nortal.cake_club.web.rest.UserJWTController.authorize() with argument[s] = [LoginVM{username='user', rememberMe=null}]
2018-12-29 14:33:14.516 DEBUG 73314 --- [XNIO-2 task-4] c.n.c.security.DomainUserDetailsService  : Authenticating user
2018-12-29 14:33:14.914 DEBUG 73314 --- [XNIO-2 task-4] c.n.cake_club.aop.logging.LoggingAspect  : Enter: com.nortal.cake_club.repository.CustomAuditEventRepository.add() with argument[s] = [AuditEvent [timestamp=2018-12-29T12:33:14.914Z, principal=user, type=AUTHENTICATION_SUCCESS, data={}]]
2018-12-29 14:33:14.952 DEBUG 73314 --- [XNIO-2 task-4] c.n.cake_club.aop.logging.LoggingAspect  : Exit: com.nortal.cake_club.repository.CustomAuditEventRepository.add() with result = null
2018-12-29 14:33:15.386 DEBUG 73314 --- [XNIO-2 task-4] c.n.cake_club.aop.logging.LoggingAspect  : Exit: com.nortal.cake_club.web.rest.UserJWTController.authorize() with result = <200 OK,com.nortal.cake_club.web.rest.UserJWTController$JWTToken@34e9462,{Authorization=[Bearer eyJhbGciOiJIUzUxMiJ9.eyJzdWIiOiJ1c2VyIiwiYXV0aCI6IlJPTEVfVVNFUiIsImV4cCI6MTU0NjE3MzE5NH0.NSbVDTlC0mbIccsOMf49NPxyRi3t5fdzp9WB3k4w2pYzjrOSnyb3Bf9EBoj6DVlvE3rZwflmRGv1W_QLc4CIkA]}>
2018-12-29 14:33:15.440 DEBUG 73314 --- [XNIO-2 task-5] c.n.cake_club.aop.logging.LoggingAspect  : Enter: com.nortal.cake_club.web.rest.AccountResource.getAccount() with argument[s] = []
2018-12-29 14:33:15.453 DEBUG 73314 --- [XNIO-2 task-5] c.n.cake_club.aop.logging.LoggingAspect  : Enter: com.nortal.cake_club.service.UserService.getUserWithAuthorities() with argument[s] = []
2018-12-29 14:33:15.476 DEBUG 73314 --- [XNIO-2 task-5] c.n.cake_club.aop.logging.LoggingAspect  : Exit: com.nortal.cake_club.service.UserService.getUserWithAuthorities() with result = Optional[User{login='user', firstName='User', lastName='User', email='user@localhost', imageUrl='', activated='true', langKey='en', activationKey='null'}]
2018-12-29 14:33:15.482 DEBUG 73314 --- [XNIO-2 task-5] c.n.cake_club.aop.logging.LoggingAspect  : Exit: com.nortal.cake_club.web.rest.AccountResource.getAccount() with result = UserDTO{login='user', firstName='User', lastName='User', email='user@localhost', imageUrl='', activated=true, langKey='en', createdBy=system, createdDate=2018-11-30T09:31:05.668Z, lastModifiedBy='system', lastModifiedDate=null, authorities=[ROLE_USER]}
2018-12-29 14:33:20.342 DEBUG 73314 --- [XNIO-2 task-6] c.n.cake_club.aop.logging.LoggingAspect  : Enter: com.nortal.cake_club.web.rest.AccountResource.getAccount() with argument[s] = []
2018-12-29 14:33:20.343 DEBUG 73314 --- [XNIO-2 task-6] c.n.cake_club.aop.logging.LoggingAspect  : Enter: com.nortal.cake_club.service.UserService.getUserWithAuthorities() with argument[s] = []
2018-12-29 14:33:20.351 DEBUG 73314 --- [XNIO-2 task-6] c.n.cake_club.aop.logging.LoggingAspect  : Exit: com.nortal.cake_club.service.UserService.getUserWithAuthorities() with result = Optional[User{login='user', firstName='User', lastName='User', email='user@localhost', imageUrl='', activated='true', langKey='en', activationKey='null'}]
2018-12-29 14:33:20.352 DEBUG 73314 --- [XNIO-2 task-6] c.n.cake_club.aop.logging.LoggingAspect  : Exit: com.nortal.cake_club.web.rest.AccountResource.getAccount() with result = UserDTO{login='user', firstName='User', lastName='User', email='user@localhost', imageUrl='', activated=true, langKey='en', createdBy=system, createdDate=2018-11-30T09:31:05.668Z, lastModifiedBy='system', lastModifiedDate=null, authorities=[ROLE_USER]}
2018-12-29 14:34:15.629 DEBUG 73314 --- [XNIO-2 task-8] c.n.cake_club.aop.logging.LoggingAspect  : Enter: com.nortal.cake_club.web.rest.AccountResource.getAccount() with argument[s] = []
2018-12-29 14:34:15.630 DEBUG 73314 --- [XNIO-2 task-8] c.n.cake_club.aop.logging.LoggingAspect  : Enter: com.nortal.cake_club.service.UserService.getUserWithAuthorities() with argument[s] = []
2018-12-29 14:34:15.637 DEBUG 73314 --- [XNIO-2 task-8] c.n.cake_club.aop.logging.LoggingAspect  : Exit: com.nortal.cake_club.service.UserService.getUserWithAuthorities() with result = Optional[User{login='user', firstName='User', lastName='User', email='user@localhost', imageUrl='', activated='true', langKey='en', activationKey='null'}]
2018-12-29 14:34:15.638 DEBUG 73314 --- [XNIO-2 task-8] c.n.cake_club.aop.logging.LoggingAspect  : Exit: com.nortal.cake_club.web.rest.AccountResource.getAccount() with result = UserDTO{login='user', firstName='User', lastName='User', email='user@localhost', imageUrl='', activated=true, langKey='en', createdBy=system, createdDate=2018-11-30T09:31:05.668Z, lastModifiedBy='system', lastModifiedDate=null, authorities=[ROLE_USER]}
2018-12-29 14:34:15.841 DEBUG 73314 --- [XNIO-2 task-9] c.n.cake_club.aop.logging.LoggingAspect  : Enter: com.nortal.cake_club.web.rest.AccountResource.getAccount() with argument[s] = []
2018-12-29 14:34:15.843 DEBUG 73314 --- [XNIO-2 task-9] c.n.cake_club.aop.logging.LoggingAspect  : Enter: com.nortal.cake_club.service.UserService.getUserWithAuthorities() with argument[s] = []
2018-12-29 14:34:15.849 DEBUG 73314 --- [XNIO-2 task-9] c.n.cake_club.aop.logging.LoggingAspect  : Exit: com.nortal.cake_club.service.UserService.getUserWithAuthorities() with result = Optional[User{login='user', firstName='User', lastName='User', email='user@localhost', imageUrl='', activated='true', langKey='en', activationKey='null'}]
2018-12-29 14:34:15.850 DEBUG 73314 --- [XNIO-2 task-9] c.n.cake_club.aop.logging.LoggingAspect  : Exit: com.nortal.cake_club.web.rest.AccountResource.getAccount() with result = UserDTO{login='user', firstName='User', lastName='User', email='user@localhost', imageUrl='', activated=true, langKey='en', createdBy=system, createdDate=2018-11-30T09:31:05.668Z, lastModifiedBy='system', lastModifiedDate=null, authorities=[ROLE_USER]}
2018-12-29 14:34:25.554 DEBUG 73314 --- [XNIO-2 task-11] c.n.cake_club.aop.logging.LoggingAspect  : Enter: com.nortal.cake_club.web.rest.AccountResource.getAccount() with argument[s] = []
2018-12-29 14:34:25.556 DEBUG 73314 --- [XNIO-2 task-11] c.n.cake_club.aop.logging.LoggingAspect  : Enter: com.nortal.cake_club.service.UserService.getUserWithAuthorities() with argument[s] = []
2018-12-29 14:34:25.562 DEBUG 73314 --- [XNIO-2 task-11] c.n.cake_club.aop.logging.LoggingAspect  : Exit: com.nortal.cake_club.service.UserService.getUserWithAuthorities() with result = Optional[User{login='user', firstName='User', lastName='User', email='user@localhost', imageUrl='', activated='true', langKey='en', activationKey='null'}]
2018-12-29 14:34:25.562 DEBUG 73314 --- [XNIO-2 task-11] c.n.cake_club.aop.logging.LoggingAspect  : Exit: com.nortal.cake_club.web.rest.AccountResource.getAccount() with result = UserDTO{login='user', firstName='User', lastName='User', email='user@localhost', imageUrl='', activated=true, langKey='en', createdBy=system, createdDate=2018-11-30T09:31:05.668Z, lastModifiedBy='system', lastModifiedDate=null, authorities=[ROLE_USER]}
2018-12-29 14:34:25.811 DEBUG 73314 --- [XNIO-2 task-12] c.n.cake_club.aop.logging.LoggingAspect  : Enter: com.nortal.cake_club.web.rest.AccountResource.getAccount() with argument[s] = []
2018-12-29 14:34:25.812 DEBUG 73314 --- [XNIO-2 task-12] c.n.cake_club.aop.logging.LoggingAspect  : Enter: com.nortal.cake_club.service.UserService.getUserWithAuthorities() with argument[s] = []
2018-12-29 14:34:25.818 DEBUG 73314 --- [XNIO-2 task-12] c.n.cake_club.aop.logging.LoggingAspect  : Exit: com.nortal.cake_club.service.UserService.getUserWithAuthorities() with result = Optional[User{login='user', firstName='User', lastName='User', email='user@localhost', imageUrl='', activated='true', langKey='en', activationKey='null'}]
2018-12-29 14:34:25.819 DEBUG 73314 --- [XNIO-2 task-12] c.n.cake_club.aop.logging.LoggingAspect  : Exit: com.nortal.cake_club.web.rest.AccountResource.getAccount() with result = UserDTO{login='user', firstName='User', lastName='User', email='user@localhost', imageUrl='', activated=true, langKey='en', createdBy=system, createdDate=2018-11-30T09:31:05.668Z, lastModifiedBy='system', lastModifiedDate=null, authorities=[ROLE_USER]}
2018-12-29 14:35:34.486 DEBUG 73314 --- [XNIO-2 task-14] c.n.cake_club.aop.logging.LoggingAspect  : Enter: com.nortal.cake_club.web.rest.AccountResource.getAccount() with argument[s] = []
2018-12-29 14:35:34.487 DEBUG 73314 --- [XNIO-2 task-14] c.n.cake_club.aop.logging.LoggingAspect  : Enter: com.nortal.cake_club.service.UserService.getUserWithAuthorities() with argument[s] = []
2018-12-29 14:35:34.505 DEBUG 73314 --- [XNIO-2 task-14] c.n.cake_club.aop.logging.LoggingAspect  : Exit: com.nortal.cake_club.service.UserService.getUserWithAuthorities() with result = Optional[User{login='user', firstName='User', lastName='User', email='user@localhost', imageUrl='', activated='true', langKey='en', activationKey='null'}]
2018-12-29 14:35:34.507 DEBUG 73314 --- [XNIO-2 task-14] c.n.cake_club.aop.logging.LoggingAspect  : Exit: com.nortal.cake_club.web.rest.AccountResource.getAccount() with result = UserDTO{login='user', firstName='User', lastName='User', email='user@localhost', imageUrl='', activated=true, langKey='en', createdBy=system, createdDate=2018-11-30T09:31:05.668Z, lastModifiedBy='system', lastModifiedDate=null, authorities=[ROLE_USER]}
2018-12-29 14:35:34.728 DEBUG 73314 --- [XNIO-2 task-15] c.n.cake_club.aop.logging.LoggingAspect  : Enter: com.nortal.cake_club.web.rest.AccountResource.getAccount() with argument[s] = []
2018-12-29 14:35:34.729 DEBUG 73314 --- [XNIO-2 task-15] c.n.cake_club.aop.logging.LoggingAspect  : Enter: com.nortal.cake_club.service.UserService.getUserWithAuthorities() with argument[s] = []
2018-12-29 14:35:34.737 DEBUG 73314 --- [XNIO-2 task-15] c.n.cake_club.aop.logging.LoggingAspect  : Exit: com.nortal.cake_club.service.UserService.getUserWithAuthorities() with result = Optional[User{login='user', firstName='User', lastName='User', email='user@localhost', imageUrl='', activated='true', langKey='en', activationKey='null'}]
2018-12-29 14:35:34.738 DEBUG 73314 --- [XNIO-2 task-15] c.n.cake_club.aop.logging.LoggingAspect  : Exit: com.nortal.cake_club.web.rest.AccountResource.getAccount() with result = UserDTO{login='user', firstName='User', lastName='User', email='user@localhost', imageUrl='', activated=true, langKey='en', createdBy=system, createdDate=2018-11-30T09:31:05.668Z, lastModifiedBy='system', lastModifiedDate=null, authorities=[ROLE_USER]}
2018-12-29 14:36:11.388 DEBUG 73314 --- [XNIO-2 task-17] c.n.cake_club.aop.logging.LoggingAspect  : Enter: com.nortal.cake_club.web.rest.AccountResource.getAccount() with argument[s] = []
2018-12-29 14:36:11.394 DEBUG 73314 --- [XNIO-2 task-17] c.n.cake_club.aop.logging.LoggingAspect  : Enter: com.nortal.cake_club.service.UserService.getUserWithAuthorities() with argument[s] = []
2018-12-29 14:36:11.410 DEBUG 73314 --- [XNIO-2 task-17] c.n.cake_club.aop.logging.LoggingAspect  : Exit: com.nortal.cake_club.service.UserService.getUserWithAuthorities() with result = Optional[User{login='user', firstName='User', lastName='User', email='user@localhost', imageUrl='', activated='true', langKey='en', activationKey='null'}]
2018-12-29 14:36:11.411 DEBUG 73314 --- [XNIO-2 task-17] c.n.cake_club.aop.logging.LoggingAspect  : Exit: com.nortal.cake_club.web.rest.AccountResource.getAccount() with result = UserDTO{login='user', firstName='User', lastName='User', email='user@localhost', imageUrl='', activated=true, langKey='en', createdBy=system, createdDate=2018-11-30T09:31:05.668Z, lastModifiedBy='system', lastModifiedDate=null, authorities=[ROLE_USER]}
2018-12-29 14:36:11.650 DEBUG 73314 --- [XNIO-2 task-18] c.n.cake_club.aop.logging.LoggingAspect  : Enter: com.nortal.cake_club.web.rest.AccountResource.getAccount() with argument[s] = []
2018-12-29 14:36:11.651 DEBUG 73314 --- [XNIO-2 task-18] c.n.cake_club.aop.logging.LoggingAspect  : Enter: com.nortal.cake_club.service.UserService.getUserWithAuthorities() with argument[s] = []
2018-12-29 14:36:11.657 DEBUG 73314 --- [XNIO-2 task-18] c.n.cake_club.aop.logging.LoggingAspect  : Exit: com.nortal.cake_club.service.UserService.getUserWithAuthorities() with result = Optional[User{login='user', firstName='User', lastName='User', email='user@localhost', imageUrl='', activated='true', langKey='en', activationKey='null'}]
2018-12-29 14:36:11.658 DEBUG 73314 --- [XNIO-2 task-18] c.n.cake_club.aop.logging.LoggingAspect  : Exit: com.nortal.cake_club.web.rest.AccountResource.getAccount() with result = UserDTO{login='user', firstName='User', lastName='User', email='user@localhost', imageUrl='', activated=true, langKey='en', createdBy=system, createdDate=2018-11-30T09:31:05.668Z, lastModifiedBy='system', lastModifiedDate=null, authorities=[ROLE_USER]}
2018-12-29 14:37:08.296 DEBUG 73314 --- [XNIO-2 task-20] c.n.cake_club.aop.logging.LoggingAspect  : Enter: com.nortal.cake_club.web.rest.AccountResource.getAccount() with argument[s] = []
2018-12-29 14:37:08.297 DEBUG 73314 --- [XNIO-2 task-20] c.n.cake_club.aop.logging.LoggingAspect  : Enter: com.nortal.cake_club.service.UserService.getUserWithAuthorities() with argument[s] = []
2018-12-29 14:37:08.305 DEBUG 73314 --- [XNIO-2 task-20] c.n.cake_club.aop.logging.LoggingAspect  : Exit: com.nortal.cake_club.service.UserService.getUserWithAuthorities() with result = Optional[User{login='user', firstName='User', lastName='User', email='user@localhost', imageUrl='', activated='true', langKey='en', activationKey='null'}]
2018-12-29 14:37:08.305 DEBUG 73314 --- [XNIO-2 task-20] c.n.cake_club.aop.logging.LoggingAspect  : Exit: com.nortal.cake_club.web.rest.AccountResource.getAccount() with result = UserDTO{login='user', firstName='User', lastName='User', email='user@localhost', imageUrl='', activated=true, langKey='en', createdBy=system, createdDate=2018-11-30T09:31:05.668Z, lastModifiedBy='system', lastModifiedDate=null, authorities=[ROLE_USER]}
2018-12-29 14:37:08.600 DEBUG 73314 --- [XNIO-2 task-21] c.n.cake_club.aop.logging.LoggingAspect  : Enter: com.nortal.cake_club.web.rest.AccountResource.getAccount() with argument[s] = []
2018-12-29 14:37:08.602 DEBUG 73314 --- [XNIO-2 task-21] c.n.cake_club.aop.logging.LoggingAspect  : Enter: com.nortal.cake_club.service.UserService.getUserWithAuthorities() with argument[s] = []
2018-12-29 14:37:08.608 DEBUG 73314 --- [XNIO-2 task-21] c.n.cake_club.aop.logging.LoggingAspect  : Exit: com.nortal.cake_club.service.UserService.getUserWithAuthorities() with result = Optional[User{login='user', firstName='User', lastName='User', email='user@localhost', imageUrl='', activated='true', langKey='en', activationKey='null'}]
2018-12-29 14:37:08.609 DEBUG 73314 --- [XNIO-2 task-21] c.n.cake_club.aop.logging.LoggingAspect  : Exit: com.nortal.cake_club.web.rest.AccountResource.getAccount() with result = UserDTO{login='user', firstName='User', lastName='User', email='user@localhost', imageUrl='', activated=true, langKey='en', createdBy=system, createdDate=2018-11-30T09:31:05.668Z, lastModifiedBy='system', lastModifiedDate=null, authorities=[ROLE_USER]}
2018-12-29 14:37:13.506 DEBUG 73314 --- [XNIO-2 task-23] c.n.cake_club.aop.logging.LoggingAspect  : Enter: com.nortal.cake_club.web.rest.AccountResource.getAccount() with argument[s] = []
2018-12-29 14:37:13.507 DEBUG 73314 --- [XNIO-2 task-23] c.n.cake_club.aop.logging.LoggingAspect  : Enter: com.nortal.cake_club.service.UserService.getUserWithAuthorities() with argument[s] = []
2018-12-29 14:37:13.514 DEBUG 73314 --- [XNIO-2 task-23] c.n.cake_club.aop.logging.LoggingAspect  : Exit: com.nortal.cake_club.service.UserService.getUserWithAuthorities() with result = Optional[User{login='user', firstName='User', lastName='User', email='user@localhost', imageUrl='', activated='true', langKey='en', activationKey='null'}]
2018-12-29 14:37:13.515 DEBUG 73314 --- [XNIO-2 task-23] c.n.cake_club.aop.logging.LoggingAspect  : Exit: com.nortal.cake_club.web.rest.AccountResource.getAccount() with result = UserDTO{login='user', firstName='User', lastName='User', email='user@localhost', imageUrl='', activated=true, langKey='en', createdBy=system, createdDate=2018-11-30T09:31:05.668Z, lastModifiedBy='system', lastModifiedDate=null, authorities=[ROLE_USER]}
2018-12-29 14:37:13.689 DEBUG 73314 --- [XNIO-2 task-24] c.n.cake_club.aop.logging.LoggingAspect  : Enter: com.nortal.cake_club.web.rest.AccountResource.getAccount() with argument[s] = []
2018-12-29 14:37:13.690 DEBUG 73314 --- [XNIO-2 task-24] c.n.cake_club.aop.logging.LoggingAspect  : Enter: com.nortal.cake_club.service.UserService.getUserWithAuthorities() with argument[s] = []
2018-12-29 14:37:13.698 DEBUG 73314 --- [XNIO-2 task-24] c.n.cake_club.aop.logging.LoggingAspect  : Exit: com.nortal.cake_club.service.UserService.getUserWithAuthorities() with result = Optional[User{login='user', firstName='User', lastName='User', email='user@localhost', imageUrl='', activated='true', langKey='en', activationKey='null'}]
2018-12-29 14:37:13.699 DEBUG 73314 --- [XNIO-2 task-24] c.n.cake_club.aop.logging.LoggingAspect  : Exit: com.nortal.cake_club.web.rest.AccountResource.getAccount() with result = UserDTO{login='user', firstName='User', lastName='User', email='user@localhost', imageUrl='', activated=true, langKey='en', createdBy=system, createdDate=2018-11-30T09:31:05.668Z, lastModifiedBy='system', lastModifiedDate=null, authorities=[ROLE_USER]}
2018-12-29 14:37:18.071 DEBUG 73314 --- [XNIO-2 task-25] c.n.cake_club.aop.logging.LoggingAspect  : Enter: com.nortal.cake_club.web.rest.AccountResource.saveAccount() with argument[s] = [UserDTO{login='user', firstName='User', lastName='User', email='user@localhost', imageUrl='', activated=true, langKey='en', createdBy=null, createdDate=null, lastModifiedBy='null', lastModifiedDate=null, authorities=null}]
2018-12-29 14:37:18.158 DEBUG 73314 --- [XNIO-2 task-25] c.n.cake_club.aop.logging.LoggingAspect  : Enter: com.nortal.cake_club.service.UserService.updateUser() with argument[s] = [User, User, user@localhost, en, ]
2018-12-29 14:37:18.189 DEBUG 73314 --- [XNIO-2 task-25] c.nortal.cake_club.service.UserService   : Changed Information for User: User{login='user', firstName='User', lastName='User', email='user@localhost', imageUrl='', activated='true', langKey='en', activationKey='null'}
2018-12-29 14:37:18.190 DEBUG 73314 --- [XNIO-2 task-25] c.n.cake_club.aop.logging.LoggingAspect  : Exit: com.nortal.cake_club.service.UserService.updateUser() with result = null
2018-12-29 14:37:18.193 DEBUG 73314 --- [XNIO-2 task-25] c.n.cake_club.aop.logging.LoggingAspect  : Exit: com.nortal.cake_club.web.rest.AccountResource.saveAccount() with result = null
2018-12-29 14:37:18.221 DEBUG 73314 --- [XNIO-2 task-26] c.n.cake_club.aop.logging.LoggingAspect  : Enter: com.nortal.cake_club.web.rest.AccountResource.getAccount() with argument[s] = []
2018-12-29 14:37:18.222 DEBUG 73314 --- [XNIO-2 task-26] c.n.cake_club.aop.logging.LoggingAspect  : Enter: com.nortal.cake_club.service.UserService.getUserWithAuthorities() with argument[s] = []
2018-12-29 14:37:18.234 DEBUG 73314 --- [XNIO-2 task-26] c.n.cake_club.aop.logging.LoggingAspect  : Exit: com.nortal.cake_club.service.UserService.getUserWithAuthorities() with result = Optional[User{login='user', firstName='User', lastName='User', email='user@localhost', imageUrl='', activated='true', langKey='en', activationKey='null'}]
2018-12-29 14:37:18.235 DEBUG 73314 --- [XNIO-2 task-26] c.n.cake_club.aop.logging.LoggingAspect  : Exit: com.nortal.cake_club.web.rest.AccountResource.getAccount() with result = UserDTO{login='user', firstName='User', lastName='User', email='user@localhost', imageUrl='', activated=true, langKey='en', createdBy=system, createdDate=2018-11-30T09:31:05.668Z, lastModifiedBy='system', lastModifiedDate=null, authorities=[ROLE_USER]}
2018-12-29 14:37:46.637 DEBUG 73314 --- [XNIO-2 task-28] c.n.cake_club.aop.logging.LoggingAspect  : Enter: com.nortal.cake_club.web.rest.AccountResource.getAccount() with argument[s] = []
2018-12-29 14:37:46.638 DEBUG 73314 --- [XNIO-2 task-28] c.n.cake_club.aop.logging.LoggingAspect  : Enter: com.nortal.cake_club.service.UserService.getUserWithAuthorities() with argument[s] = []
2018-12-29 14:37:46.645 DEBUG 73314 --- [XNIO-2 task-28] c.n.cake_club.aop.logging.LoggingAspect  : Exit: com.nortal.cake_club.service.UserService.getUserWithAuthorities() with result = Optional[User{login='user', firstName='User', lastName='User', email='user@localhost', imageUrl='', activated='true', langKey='en', activationKey='null'}]
2018-12-29 14:37:46.645 DEBUG 73314 --- [XNIO-2 task-28] c.n.cake_club.aop.logging.LoggingAspect  : Exit: com.nortal.cake_club.web.rest.AccountResource.getAccount() with result = UserDTO{login='user', firstName='User', lastName='User', email='user@localhost', imageUrl='', activated=true, langKey='en', createdBy=system, createdDate=2018-11-30T09:31:05.668Z, lastModifiedBy='system', lastModifiedDate=null, authorities=[ROLE_USER]}
2018-12-29 14:37:46.831 DEBUG 73314 --- [XNIO-2 task-29] c.n.cake_club.aop.logging.LoggingAspect  : Enter: com.nortal.cake_club.web.rest.AccountResource.getAccount() with argument[s] = []
2018-12-29 14:37:46.833 DEBUG 73314 --- [XNIO-2 task-29] c.n.cake_club.aop.logging.LoggingAspect  : Enter: com.nortal.cake_club.service.UserService.getUserWithAuthorities() with argument[s] = []
2018-12-29 14:37:46.838 DEBUG 73314 --- [XNIO-2 task-29] c.n.cake_club.aop.logging.LoggingAspect  : Exit: com.nortal.cake_club.service.UserService.getUserWithAuthorities() with result = Optional[User{login='user', firstName='User', lastName='User', email='user@localhost', imageUrl='', activated='true', langKey='en', activationKey='null'}]
2018-12-29 14:37:46.839 DEBUG 73314 --- [XNIO-2 task-29] c.n.cake_club.aop.logging.LoggingAspect  : Exit: com.nortal.cake_club.web.rest.AccountResource.getAccount() with result = UserDTO{login='user', firstName='User', lastName='User', email='user@localhost', imageUrl='', activated=true, langKey='en', createdBy=system, createdDate=2018-11-30T09:31:05.668Z, lastModifiedBy='system', lastModifiedDate=null, authorities=[ROLE_USER]}
2018-12-29 14:37:58.971 DEBUG 73314 --- [XNIO-2 task-31] c.n.cake_club.aop.logging.LoggingAspect  : Enter: com.nortal.cake_club.web.rest.AccountResource.getAccount() with argument[s] = []
2018-12-29 14:37:58.973 DEBUG 73314 --- [XNIO-2 task-31] c.n.cake_club.aop.logging.LoggingAspect  : Enter: com.nortal.cake_club.service.UserService.getUserWithAuthorities() with argument[s] = []
2018-12-29 14:37:58.978 DEBUG 73314 --- [XNIO-2 task-31] c.n.cake_club.aop.logging.LoggingAspect  : Exit: com.nortal.cake_club.service.UserService.getUserWithAuthorities() with result = Optional[User{login='user', firstName='User', lastName='User', email='user@localhost', imageUrl='', activated='true', langKey='en', activationKey='null'}]
2018-12-29 14:37:58.979 DEBUG 73314 --- [XNIO-2 task-31] c.n.cake_club.aop.logging.LoggingAspect  : Exit: com.nortal.cake_club.web.rest.AccountResource.getAccount() with result = UserDTO{login='user', firstName='User', lastName='User', email='user@localhost', imageUrl='', activated=true, langKey='en', createdBy=system, createdDate=2018-11-30T09:31:05.668Z, lastModifiedBy='system', lastModifiedDate=null, authorities=[ROLE_USER]}
2018-12-29 14:37:59.256 DEBUG 73314 --- [XNIO-2 task-32] c.n.cake_club.aop.logging.LoggingAspect  : Enter: com.nortal.cake_club.web.rest.AccountResource.getAccount() with argument[s] = []
2018-12-29 14:37:59.257 DEBUG 73314 --- [XNIO-2 task-32] c.n.cake_club.aop.logging.LoggingAspect  : Enter: com.nortal.cake_club.service.UserService.getUserWithAuthorities() with argument[s] = []
2018-12-29 14:37:59.263 DEBUG 73314 --- [XNIO-2 task-32] c.n.cake_club.aop.logging.LoggingAspect  : Exit: com.nortal.cake_club.service.UserService.getUserWithAuthorities() with result = Optional[User{login='user', firstName='User', lastName='User', email='user@localhost', imageUrl='', activated='true', langKey='en', activationKey='null'}]
2018-12-29 14:37:59.265 DEBUG 73314 --- [XNIO-2 task-32] c.n.cake_club.aop.logging.LoggingAspect  : Exit: com.nortal.cake_club.web.rest.AccountResource.getAccount() with result = UserDTO{login='user', firstName='User', lastName='User', email='user@localhost', imageUrl='', activated=true, langKey='en', createdBy=system, createdDate=2018-11-30T09:31:05.668Z, lastModifiedBy='system', lastModifiedDate=null, authorities=[ROLE_USER]}
2018-12-29 14:38:06.656 DEBUG 73314 --- [XNIO-2 task-2] c.n.cake_club.aop.logging.LoggingAspect  : Enter: com.nortal.cake_club.web.rest.AccountResource.getAccount() with argument[s] = []
2018-12-29 14:38:06.656 DEBUG 73314 --- [XNIO-2 task-2] c.n.cake_club.aop.logging.LoggingAspect  : Enter: com.nortal.cake_club.service.UserService.getUserWithAuthorities() with argument[s] = []
2018-12-29 14:38:06.665 DEBUG 73314 --- [XNIO-2 task-2] c.n.cake_club.aop.logging.LoggingAspect  : Exit: com.nortal.cake_club.service.UserService.getUserWithAuthorities() with result = Optional[User{login='user', firstName='User', lastName='User', email='user@localhost', imageUrl='', activated='true', langKey='en', activationKey='null'}]
2018-12-29 14:38:06.666 DEBUG 73314 --- [XNIO-2 task-2] c.n.cake_club.aop.logging.LoggingAspect  : Exit: com.nortal.cake_club.web.rest.AccountResource.getAccount() with result = UserDTO{login='user', firstName='User', lastName='User', email='user@localhost', imageUrl='', activated=true, langKey='en', createdBy=system, createdDate=2018-11-30T09:31:05.668Z, lastModifiedBy='system', lastModifiedDate=null, authorities=[ROLE_USER]}
2018-12-29 14:38:06.931 DEBUG 73314 --- [XNIO-2 task-3] c.n.cake_club.aop.logging.LoggingAspect  : Enter: com.nortal.cake_club.web.rest.AccountResource.getAccount() with argument[s] = []
2018-12-29 14:38:06.932 DEBUG 73314 --- [XNIO-2 task-3] c.n.cake_club.aop.logging.LoggingAspect  : Enter: com.nortal.cake_club.service.UserService.getUserWithAuthorities() with argument[s] = []
2018-12-29 14:38:06.939 DEBUG 73314 --- [XNIO-2 task-3] c.n.cake_club.aop.logging.LoggingAspect  : Exit: com.nortal.cake_club.service.UserService.getUserWithAuthorities() with result = Optional[User{login='user', firstName='User', lastName='User', email='user@localhost', imageUrl='', activated='true', langKey='en', activationKey='null'}]
2018-12-29 14:38:06.940 DEBUG 73314 --- [XNIO-2 task-3] c.n.cake_club.aop.logging.LoggingAspect  : Exit: com.nortal.cake_club.web.rest.AccountResource.getAccount() with result = UserDTO{login='user', firstName='User', lastName='User', email='user@localhost', imageUrl='', activated=true, langKey='en', createdBy=system, createdDate=2018-11-30T09:31:05.668Z, lastModifiedBy='system', lastModifiedDate=null, authorities=[ROLE_USER]}
2018-12-29 14:38:23.367 DEBUG 73314 --- [XNIO-2 task-5] c.n.cake_club.aop.logging.LoggingAspect  : Enter: com.nortal.cake_club.web.rest.AccountResource.getAccount() with argument[s] = []
2018-12-29 14:38:23.368 DEBUG 73314 --- [XNIO-2 task-5] c.n.cake_club.aop.logging.LoggingAspect  : Enter: com.nortal.cake_club.service.UserService.getUserWithAuthorities() with argument[s] = []
2018-12-29 14:38:23.373 DEBUG 73314 --- [XNIO-2 task-5] c.n.cake_club.aop.logging.LoggingAspect  : Exit: com.nortal.cake_club.service.UserService.getUserWithAuthorities() with result = Optional[User{login='user', firstName='User', lastName='User', email='user@localhost', imageUrl='', activated='true', langKey='en', activationKey='null'}]
2018-12-29 14:38:23.374 DEBUG 73314 --- [XNIO-2 task-5] c.n.cake_club.aop.logging.LoggingAspect  : Exit: com.nortal.cake_club.web.rest.AccountResource.getAccount() with result = UserDTO{login='user', firstName='User', lastName='User', email='user@localhost', imageUrl='', activated=true, langKey='en', createdBy=system, createdDate=2018-11-30T09:31:05.668Z, lastModifiedBy='system', lastModifiedDate=null, authorities=[ROLE_USER]}
2018-12-29 14:38:23.582 DEBUG 73314 --- [XNIO-2 task-6] c.n.cake_club.aop.logging.LoggingAspect  : Enter: com.nortal.cake_club.web.rest.AccountResource.getAccount() with argument[s] = []
2018-12-29 14:38:23.583 DEBUG 73314 --- [XNIO-2 task-6] c.n.cake_club.aop.logging.LoggingAspect  : Enter: com.nortal.cake_club.service.UserService.getUserWithAuthorities() with argument[s] = []
2018-12-29 14:38:23.589 DEBUG 73314 --- [XNIO-2 task-6] c.n.cake_club.aop.logging.LoggingAspect  : Exit: com.nortal.cake_club.service.UserService.getUserWithAuthorities() with result = Optional[User{login='user', firstName='User', lastName='User', email='user@localhost', imageUrl='', activated='true', langKey='en', activationKey='null'}]
2018-12-29 14:38:23.589 DEBUG 73314 --- [XNIO-2 task-6] c.n.cake_club.aop.logging.LoggingAspect  : Exit: com.nortal.cake_club.web.rest.AccountResource.getAccount() with result = UserDTO{login='user', firstName='User', lastName='User', email='user@localhost', imageUrl='', activated=true, langKey='en', createdBy=system, createdDate=2018-11-30T09:31:05.668Z, lastModifiedBy='system', lastModifiedDate=null, authorities=[ROLE_USER]}
2018-12-29 14:38:41.092 DEBUG 73314 --- [XNIO-2 task-8] c.n.cake_club.aop.logging.LoggingAspect  : Enter: com.nortal.cake_club.web.rest.AccountResource.getAccount() with argument[s] = []
2018-12-29 14:38:41.093 DEBUG 73314 --- [XNIO-2 task-8] c.n.cake_club.aop.logging.LoggingAspect  : Enter: com.nortal.cake_club.service.UserService.getUserWithAuthorities() with argument[s] = []
2018-12-29 14:38:41.098 DEBUG 73314 --- [XNIO-2 task-8] c.n.cake_club.aop.logging.LoggingAspect  : Exit: com.nortal.cake_club.service.UserService.getUserWithAuthorities() with result = Optional[User{login='user', firstName='User', lastName='User', email='user@localhost', imageUrl='', activated='true', langKey='en', activationKey='null'}]
2018-12-29 14:38:41.098 DEBUG 73314 --- [XNIO-2 task-8] c.n.cake_club.aop.logging.LoggingAspect  : Exit: com.nortal.cake_club.web.rest.AccountResource.getAccount() with result = UserDTO{login='user', firstName='User', lastName='User', email='user@localhost', imageUrl='', activated=true, langKey='en', createdBy=system, createdDate=2018-11-30T09:31:05.668Z, lastModifiedBy='system', lastModifiedDate=null, authorities=[ROLE_USER]}
2018-12-29 14:38:41.359 DEBUG 73314 --- [XNIO-2 task-9] c.n.cake_club.aop.logging.LoggingAspect  : Enter: com.nortal.cake_club.web.rest.AccountResource.getAccount() with argument[s] = []
2018-12-29 14:38:41.359 DEBUG 73314 --- [XNIO-2 task-9] c.n.cake_club.aop.logging.LoggingAspect  : Enter: com.nortal.cake_club.service.UserService.getUserWithAuthorities() with argument[s] = []
2018-12-29 14:38:41.364 DEBUG 73314 --- [XNIO-2 task-9] c.n.cake_club.aop.logging.LoggingAspect  : Exit: com.nortal.cake_club.service.UserService.getUserWithAuthorities() with result = Optional[User{login='user', firstName='User', lastName='User', email='user@localhost', imageUrl='', activated='true', langKey='en', activationKey='null'}]
2018-12-29 14:38:41.365 DEBUG 73314 --- [XNIO-2 task-9] c.n.cake_club.aop.logging.LoggingAspect  : Exit: com.nortal.cake_club.web.rest.AccountResource.getAccount() with result = UserDTO{login='user', firstName='User', lastName='User', email='user@localhost', imageUrl='', activated=true, langKey='en', createdBy=system, createdDate=2018-11-30T09:31:05.668Z, lastModifiedBy='system', lastModifiedDate=null, authorities=[ROLE_USER]}
2018-12-29 14:38:49.623 DEBUG 73314 --- [XNIO-2 task-11] c.n.cake_club.aop.logging.LoggingAspect  : Enter: com.nortal.cake_club.web.rest.AccountResource.getAccount() with argument[s] = []
2018-12-29 14:38:49.624 DEBUG 73314 --- [XNIO-2 task-11] c.n.cake_club.aop.logging.LoggingAspect  : Enter: com.nortal.cake_club.service.UserService.getUserWithAuthorities() with argument[s] = []
2018-12-29 14:38:49.629 DEBUG 73314 --- [XNIO-2 task-11] c.n.cake_club.aop.logging.LoggingAspect  : Exit: com.nortal.cake_club.service.UserService.getUserWithAuthorities() with result = Optional[User{login='user', firstName='User', lastName='User', email='user@localhost', imageUrl='', activated='true', langKey='en', activationKey='null'}]
2018-12-29 14:38:49.630 DEBUG 73314 --- [XNIO-2 task-11] c.n.cake_club.aop.logging.LoggingAspect  : Exit: com.nortal.cake_club.web.rest.AccountResource.getAccount() with result = UserDTO{login='user', firstName='User', lastName='User', email='user@localhost', imageUrl='', activated=true, langKey='en', createdBy=system, createdDate=2018-11-30T09:31:05.668Z, lastModifiedBy='system', lastModifiedDate=null, authorities=[ROLE_USER]}
2018-12-29 14:38:49.877 DEBUG 73314 --- [XNIO-2 task-12] c.n.cake_club.aop.logging.LoggingAspect  : Enter: com.nortal.cake_club.web.rest.AccountResource.getAccount() with argument[s] = []
2018-12-29 14:38:49.878 DEBUG 73314 --- [XNIO-2 task-12] c.n.cake_club.aop.logging.LoggingAspect  : Enter: com.nortal.cake_club.service.UserService.getUserWithAuthorities() with argument[s] = []
2018-12-29 14:38:49.883 DEBUG 73314 --- [XNIO-2 task-12] c.n.cake_club.aop.logging.LoggingAspect  : Exit: com.nortal.cake_club.service.UserService.getUserWithAuthorities() with result = Optional[User{login='user', firstName='User', lastName='User', email='user@localhost', imageUrl='', activated='true', langKey='en', activationKey='null'}]
2018-12-29 14:38:49.884 DEBUG 73314 --- [XNIO-2 task-12] c.n.cake_club.aop.logging.LoggingAspect  : Exit: com.nortal.cake_club.web.rest.AccountResource.getAccount() with result = UserDTO{login='user', firstName='User', lastName='User', email='user@localhost', imageUrl='', activated=true, langKey='en', createdBy=system, createdDate=2018-11-30T09:31:05.668Z, lastModifiedBy='system', lastModifiedDate=null, authorities=[ROLE_USER]}
2018-12-29 14:39:06.330 DEBUG 73314 --- [XNIO-2 task-14] c.n.cake_club.aop.logging.LoggingAspect  : Enter: com.nortal.cake_club.web.rest.AccountResource.getAccount() with argument[s] = []
2018-12-29 14:39:06.333 DEBUG 73314 --- [XNIO-2 task-14] c.n.cake_club.aop.logging.LoggingAspect  : Enter: com.nortal.cake_club.service.UserService.getUserWithAuthorities() with argument[s] = []
2018-12-29 14:39:06.338 DEBUG 73314 --- [XNIO-2 task-14] c.n.cake_club.aop.logging.LoggingAspect  : Exit: com.nortal.cake_club.service.UserService.getUserWithAuthorities() with result = Optional[User{login='user', firstName='User', lastName='User', email='user@localhost', imageUrl='', activated='true', langKey='en', activationKey='null'}]
2018-12-29 14:39:06.339 DEBUG 73314 --- [XNIO-2 task-14] c.n.cake_club.aop.logging.LoggingAspect  : Exit: com.nortal.cake_club.web.rest.AccountResource.getAccount() with result = UserDTO{login='user', firstName='User', lastName='User', email='user@localhost', imageUrl='', activated=true, langKey='en', createdBy=system, createdDate=2018-11-30T09:31:05.668Z, lastModifiedBy='system', lastModifiedDate=null, authorities=[ROLE_USER]}
2018-12-29 14:39:06.623 DEBUG 73314 --- [XNIO-2 task-15] c.n.cake_club.aop.logging.LoggingAspect  : Enter: com.nortal.cake_club.web.rest.AccountResource.getAccount() with argument[s] = []
2018-12-29 14:39:06.624 DEBUG 73314 --- [XNIO-2 task-15] c.n.cake_club.aop.logging.LoggingAspect  : Enter: com.nortal.cake_club.service.UserService.getUserWithAuthorities() with argument[s] = []
2018-12-29 14:39:06.634 DEBUG 73314 --- [XNIO-2 task-15] c.n.cake_club.aop.logging.LoggingAspect  : Exit: com.nortal.cake_club.service.UserService.getUserWithAuthorities() with result = Optional[User{login='user', firstName='User', lastName='User', email='user@localhost', imageUrl='', activated='true', langKey='en', activationKey='null'}]
2018-12-29 14:39:06.635 DEBUG 73314 --- [XNIO-2 task-15] c.n.cake_club.aop.logging.LoggingAspect  : Exit: com.nortal.cake_club.web.rest.AccountResource.getAccount() with result = UserDTO{login='user', firstName='User', lastName='User', email='user@localhost', imageUrl='', activated=true, langKey='en', createdBy=system, createdDate=2018-11-30T09:31:05.668Z, lastModifiedBy='system', lastModifiedDate=null, authorities=[ROLE_USER]}
2018-12-29 14:39:21.613 DEBUG 73314 --- [XNIO-2 task-17] c.n.cake_club.aop.logging.LoggingAspect  : Enter: com.nortal.cake_club.web.rest.AccountResource.getAccount() with argument[s] = []
2018-12-29 14:39:21.614 DEBUG 73314 --- [XNIO-2 task-17] c.n.cake_club.aop.logging.LoggingAspect  : Enter: com.nortal.cake_club.service.UserService.getUserWithAuthorities() with argument[s] = []
2018-12-29 14:39:21.625 DEBUG 73314 --- [XNIO-2 task-17] c.n.cake_club.aop.logging.LoggingAspect  : Exit: com.nortal.cake_club.service.UserService.getUserWithAuthorities() with result = Optional[User{login='user', firstName='User', lastName='User', email='user@localhost', imageUrl='', activated='true', langKey='en', activationKey='null'}]
2018-12-29 14:39:21.626 DEBUG 73314 --- [XNIO-2 task-17] c.n.cake_club.aop.logging.LoggingAspect  : Exit: com.nortal.cake_club.web.rest.AccountResource.getAccount() with result = UserDTO{login='user', firstName='User', lastName='User', email='user@localhost', imageUrl='', activated=true, langKey='en', createdBy=system, createdDate=2018-11-30T09:31:05.668Z, lastModifiedBy='system', lastModifiedDate=null, authorities=[ROLE_USER]}
2018-12-29 14:39:21.900 DEBUG 73314 --- [XNIO-2 task-18] c.n.cake_club.aop.logging.LoggingAspect  : Enter: com.nortal.cake_club.web.rest.AccountResource.getAccount() with argument[s] = []
2018-12-29 14:39:21.901 DEBUG 73314 --- [XNIO-2 task-18] c.n.cake_club.aop.logging.LoggingAspect  : Enter: com.nortal.cake_club.service.UserService.getUserWithAuthorities() with argument[s] = []
2018-12-29 14:39:21.906 DEBUG 73314 --- [XNIO-2 task-18] c.n.cake_club.aop.logging.LoggingAspect  : Exit: com.nortal.cake_club.service.UserService.getUserWithAuthorities() with result = Optional[User{login='user', firstName='User', lastName='User', email='user@localhost', imageUrl='', activated='true', langKey='en', activationKey='null'}]
2018-12-29 14:39:21.907 DEBUG 73314 --- [XNIO-2 task-18] c.n.cake_club.aop.logging.LoggingAspect  : Exit: com.nortal.cake_club.web.rest.AccountResource.getAccount() with result = UserDTO{login='user', firstName='User', lastName='User', email='user@localhost', imageUrl='', activated=true, langKey='en', createdBy=system, createdDate=2018-11-30T09:31:05.668Z, lastModifiedBy='system', lastModifiedDate=null, authorities=[ROLE_USER]}
2018-12-29 14:40:45.218 DEBUG 73314 --- [XNIO-2 task-19] c.n.cake_club.aop.logging.LoggingAspect  : Enter: com.nortal.cake_club.web.rest.AccountResource.getAccount() with argument[s] = []
2018-12-29 14:40:45.222 DEBUG 73314 --- [XNIO-2 task-19] c.n.cake_club.aop.logging.LoggingAspect  : Enter: com.nortal.cake_club.service.UserService.getUserWithAuthorities() with argument[s] = []
2018-12-29 14:40:45.244 DEBUG 73314 --- [XNIO-2 task-19] c.n.cake_club.aop.logging.LoggingAspect  : Exit: com.nortal.cake_club.service.UserService.getUserWithAuthorities() with result = Optional[User{login='user', firstName='User', lastName='User', email='user@localhost', imageUrl='', activated='true', langKey='en', activationKey='null'}]
2018-12-29 14:40:45.245 DEBUG 73314 --- [XNIO-2 task-19] c.n.cake_club.aop.logging.LoggingAspect  : Exit: com.nortal.cake_club.web.rest.AccountResource.getAccount() with result = UserDTO{login='user', firstName='User', lastName='User', email='user@localhost', imageUrl='', activated=true, langKey='en', createdBy=system, createdDate=2018-11-30T09:31:05.668Z, lastModifiedBy='system', lastModifiedDate=null, authorities=[ROLE_USER]}
2018-12-29 14:40:45.496 DEBUG 73314 --- [XNIO-2 task-21] c.n.cake_club.aop.logging.LoggingAspect  : Enter: com.nortal.cake_club.web.rest.AccountResource.getAccount() with argument[s] = []
2018-12-29 14:40:45.496 DEBUG 73314 --- [XNIO-2 task-21] c.n.cake_club.aop.logging.LoggingAspect  : Enter: com.nortal.cake_club.service.UserService.getUserWithAuthorities() with argument[s] = []
2018-12-29 14:40:45.502 DEBUG 73314 --- [XNIO-2 task-21] c.n.cake_club.aop.logging.LoggingAspect  : Exit: com.nortal.cake_club.service.UserService.getUserWithAuthorities() with result = Optional[User{login='user', firstName='User', lastName='User', email='user@localhost', imageUrl='', activated='true', langKey='en', activationKey='null'}]
2018-12-29 14:40:45.503 DEBUG 73314 --- [XNIO-2 task-21] c.n.cake_club.aop.logging.LoggingAspect  : Exit: com.nortal.cake_club.web.rest.AccountResource.getAccount() with result = UserDTO{login='user', firstName='User', lastName='User', email='user@localhost', imageUrl='', activated=true, langKey='en', createdBy=system, createdDate=2018-11-30T09:31:05.668Z, lastModifiedBy='system', lastModifiedDate=null, authorities=[ROLE_USER]}
2018-12-29 14:40:49.534 DEBUG 73314 --- [XNIO-2 task-23] c.n.cake_club.aop.logging.LoggingAspect  : Enter: com.nortal.cake_club.web.rest.AccountResource.getAccount() with argument[s] = []
2018-12-29 14:40:49.535 DEBUG 73314 --- [XNIO-2 task-23] c.n.cake_club.aop.logging.LoggingAspect  : Enter: com.nortal.cake_club.service.UserService.getUserWithAuthorities() with argument[s] = []
2018-12-29 14:40:49.542 DEBUG 73314 --- [XNIO-2 task-23] c.n.cake_club.aop.logging.LoggingAspect  : Exit: com.nortal.cake_club.service.UserService.getUserWithAuthorities() with result = Optional[User{login='user', firstName='User', lastName='User', email='user@localhost', imageUrl='', activated='true', langKey='en', activationKey='null'}]
2018-12-29 14:40:49.542 DEBUG 73314 --- [XNIO-2 task-23] c.n.cake_club.aop.logging.LoggingAspect  : Exit: com.nortal.cake_club.web.rest.AccountResource.getAccount() with result = UserDTO{login='user', firstName='User', lastName='User', email='user@localhost', imageUrl='', activated=true, langKey='en', createdBy=system, createdDate=2018-11-30T09:31:05.668Z, lastModifiedBy='system', lastModifiedDate=null, authorities=[ROLE_USER]}
2018-12-29 14:40:49.693 DEBUG 73314 --- [XNIO-2 task-24] c.n.cake_club.aop.logging.LoggingAspect  : Enter: com.nortal.cake_club.web.rest.AccountResource.getAccount() with argument[s] = []
2018-12-29 14:40:49.695 DEBUG 73314 --- [XNIO-2 task-24] c.n.cake_club.aop.logging.LoggingAspect  : Enter: com.nortal.cake_club.service.UserService.getUserWithAuthorities() with argument[s] = []
2018-12-29 14:40:49.699 DEBUG 73314 --- [XNIO-2 task-24] c.n.cake_club.aop.logging.LoggingAspect  : Exit: com.nortal.cake_club.service.UserService.getUserWithAuthorities() with result = Optional[User{login='user', firstName='User', lastName='User', email='user@localhost', imageUrl='', activated='true', langKey='en', activationKey='null'}]
2018-12-29 14:40:49.701 DEBUG 73314 --- [XNIO-2 task-24] c.n.cake_club.aop.logging.LoggingAspect  : Exit: com.nortal.cake_club.web.rest.AccountResource.getAccount() with result = UserDTO{login='user', firstName='User', lastName='User', email='user@localhost', imageUrl='', activated=true, langKey='en', createdBy=system, createdDate=2018-11-30T09:31:05.668Z, lastModifiedBy='system', lastModifiedDate=null, authorities=[ROLE_USER]}
2018-12-29 14:41:15.064 DEBUG 73314 --- [XNIO-2 task-25] c.n.cake_club.aop.logging.LoggingAspect  : Enter: com.nortal.cake_club.web.rest.AccountResource.saveAccount() with argument[s] = [UserDTO{login='user', firstName='User', lastName='User', email='user@localhost', imageUrl='', activated=true, langKey='en', createdBy=null, createdDate=null, lastModifiedBy='null', lastModifiedDate=null, authorities=null}]
2018-12-29 14:41:15.074 DEBUG 73314 --- [XNIO-2 task-25] c.n.cake_club.aop.logging.LoggingAspect  : Enter: com.nortal.cake_club.service.UserService.updateUser() with argument[s] = [User, User, user@localhost, en, ]
2018-12-29 14:41:15.077 DEBUG 73314 --- [XNIO-2 task-25] c.nortal.cake_club.service.UserService   : Changed Information for User: User{login='user', firstName='User', lastName='User', email='user@localhost', imageUrl='', activated='true', langKey='en', activationKey='null'}
2018-12-29 14:41:15.078 DEBUG 73314 --- [XNIO-2 task-25] c.n.cake_club.aop.logging.LoggingAspect  : Exit: com.nortal.cake_club.service.UserService.updateUser() with result = null
2018-12-29 14:41:15.080 DEBUG 73314 --- [XNIO-2 task-25] c.n.cake_club.aop.logging.LoggingAspect  : Exit: com.nortal.cake_club.web.rest.AccountResource.saveAccount() with result = null
2018-12-29 14:41:15.096 DEBUG 73314 --- [XNIO-2 task-26] c.n.cake_club.aop.logging.LoggingAspect  : Enter: com.nortal.cake_club.web.rest.AccountResource.getAccount() with argument[s] = []
2018-12-29 14:41:15.097 DEBUG 73314 --- [XNIO-2 task-26] c.n.cake_club.aop.logging.LoggingAspect  : Enter: com.nortal.cake_club.service.UserService.getUserWithAuthorities() with argument[s] = []
2018-12-29 14:41:15.103 DEBUG 73314 --- [XNIO-2 task-26] c.n.cake_club.aop.logging.LoggingAspect  : Exit: com.nortal.cake_club.service.UserService.getUserWithAuthorities() with result = Optional[User{login='user', firstName='User', lastName='User', email='user@localhost', imageUrl='', activated='true', langKey='en', activationKey='null'}]
2018-12-29 14:41:15.103 DEBUG 73314 --- [XNIO-2 task-26] c.n.cake_club.aop.logging.LoggingAspect  : Exit: com.nortal.cake_club.web.rest.AccountResource.getAccount() with result = UserDTO{login='user', firstName='User', lastName='User', email='user@localhost', imageUrl='', activated=true, langKey='en', createdBy=system, createdDate=2018-11-30T09:31:05.668Z, lastModifiedBy='system', lastModifiedDate=null, authorities=[ROLE_USER]}
2018-12-29 14:41:30.365 DEBUG 73314 --- [XNIO-2 task-28] c.n.cake_club.aop.logging.LoggingAspect  : Enter: com.nortal.cake_club.web.rest.AccountResource.getAccount() with argument[s] = []
2018-12-29 14:41:30.366 DEBUG 73314 --- [XNIO-2 task-28] c.n.cake_club.aop.logging.LoggingAspect  : Enter: com.nortal.cake_club.service.UserService.getUserWithAuthorities() with argument[s] = []
2018-12-29 14:41:30.371 DEBUG 73314 --- [XNIO-2 task-28] c.n.cake_club.aop.logging.LoggingAspect  : Exit: com.nortal.cake_club.service.UserService.getUserWithAuthorities() with result = Optional[User{login='user', firstName='User', lastName='User', email='user@localhost', imageUrl='', activated='true', langKey='en', activationKey='null'}]
2018-12-29 14:41:30.372 DEBUG 73314 --- [XNIO-2 task-28] c.n.cake_club.aop.logging.LoggingAspect  : Exit: com.nortal.cake_club.web.rest.AccountResource.getAccount() with result = UserDTO{login='user', firstName='User', lastName='User', email='user@localhost', imageUrl='', activated=true, langKey='en', createdBy=system, createdDate=2018-11-30T09:31:05.668Z, lastModifiedBy='system', lastModifiedDate=null, authorities=[ROLE_USER]}
2018-12-29 14:41:30.638 DEBUG 73314 --- [XNIO-2 task-29] c.n.cake_club.aop.logging.LoggingAspect  : Enter: com.nortal.cake_club.web.rest.AccountResource.getAccount() with argument[s] = []
2018-12-29 14:41:30.639 DEBUG 73314 --- [XNIO-2 task-29] c.n.cake_club.aop.logging.LoggingAspect  : Enter: com.nortal.cake_club.service.UserService.getUserWithAuthorities() with argument[s] = []
2018-12-29 14:41:30.645 DEBUG 73314 --- [XNIO-2 task-29] c.n.cake_club.aop.logging.LoggingAspect  : Exit: com.nortal.cake_club.service.UserService.getUserWithAuthorities() with result = Optional[User{login='user', firstName='User', lastName='User', email='user@localhost', imageUrl='', activated='true', langKey='en', activationKey='null'}]
2018-12-29 14:41:30.646 DEBUG 73314 --- [XNIO-2 task-29] c.n.cake_club.aop.logging.LoggingAspect  : Exit: com.nortal.cake_club.web.rest.AccountResource.getAccount() with result = UserDTO{login='user', firstName='User', lastName='User', email='user@localhost', imageUrl='', activated=true, langKey='en', createdBy=system, createdDate=2018-11-30T09:31:05.668Z, lastModifiedBy='system', lastModifiedDate=null, authorities=[ROLE_USER]}
2018-12-29 14:41:55.013 DEBUG 73314 --- [XNIO-2 task-31] c.n.cake_club.aop.logging.LoggingAspect  : Enter: com.nortal.cake_club.web.rest.AccountResource.getAccount() with argument[s] = []
2018-12-29 14:41:55.016 DEBUG 73314 --- [XNIO-2 task-31] c.n.cake_club.aop.logging.LoggingAspect  : Enter: com.nortal.cake_club.service.UserService.getUserWithAuthorities() with argument[s] = []
2018-12-29 14:41:55.023 DEBUG 73314 --- [XNIO-2 task-31] c.n.cake_club.aop.logging.LoggingAspect  : Exit: com.nortal.cake_club.service.UserService.getUserWithAuthorities() with result = Optional[User{login='user', firstName='User', lastName='User', email='user@localhost', imageUrl='', activated='true', langKey='en', activationKey='null'}]
2018-12-29 14:41:55.024 DEBUG 73314 --- [XNIO-2 task-31] c.n.cake_club.aop.logging.LoggingAspect  : Exit: com.nortal.cake_club.web.rest.AccountResource.getAccount() with result = UserDTO{login='user', firstName='User', lastName='User', email='user@localhost', imageUrl='', activated=true, langKey='en', createdBy=system, createdDate=2018-11-30T09:31:05.668Z, lastModifiedBy='system', lastModifiedDate=null, authorities=[ROLE_USER]}
2018-12-29 14:41:55.214 DEBUG 73314 --- [XNIO-2 task-32] c.n.cake_club.aop.logging.LoggingAspect  : Enter: com.nortal.cake_club.web.rest.AccountResource.getAccount() with argument[s] = []
2018-12-29 14:41:55.215 DEBUG 73314 --- [XNIO-2 task-32] c.n.cake_club.aop.logging.LoggingAspect  : Enter: com.nortal.cake_club.service.UserService.getUserWithAuthorities() with argument[s] = []
2018-12-29 14:41:55.220 DEBUG 73314 --- [XNIO-2 task-32] c.n.cake_club.aop.logging.LoggingAspect  : Exit: com.nortal.cake_club.service.UserService.getUserWithAuthorities() with result = Optional[User{login='user', firstName='User', lastName='User', email='user@localhost', imageUrl='', activated='true', langKey='en', activationKey='null'}]
2018-12-29 14:41:55.221 DEBUG 73314 --- [XNIO-2 task-32] c.n.cake_club.aop.logging.LoggingAspect  : Exit: com.nortal.cake_club.web.rest.AccountResource.getAccount() with result = UserDTO{login='user', firstName='User', lastName='User', email='user@localhost', imageUrl='', activated=true, langKey='en', createdBy=system, createdDate=2018-11-30T09:31:05.668Z, lastModifiedBy='system', lastModifiedDate=null, authorities=[ROLE_USER]}
2018-12-29 14:42:32.370 DEBUG 73314 --- [XNIO-2 task-2] c.n.cake_club.aop.logging.LoggingAspect  : Enter: com.nortal.cake_club.web.rest.AccountResource.getAccount() with argument[s] = []
2018-12-29 14:42:32.371 DEBUG 73314 --- [XNIO-2 task-2] c.n.cake_club.aop.logging.LoggingAspect  : Enter: com.nortal.cake_club.service.UserService.getUserWithAuthorities() with argument[s] = []
2018-12-29 14:42:32.377 DEBUG 73314 --- [XNIO-2 task-2] c.n.cake_club.aop.logging.LoggingAspect  : Exit: com.nortal.cake_club.service.UserService.getUserWithAuthorities() with result = Optional[User{login='user', firstName='User', lastName='User', email='user@localhost', imageUrl='', activated='true', langKey='en', activationKey='null'}]
2018-12-29 14:42:32.379 DEBUG 73314 --- [XNIO-2 task-2] c.n.cake_club.aop.logging.LoggingAspect  : Exit: com.nortal.cake_club.web.rest.AccountResource.getAccount() with result = UserDTO{login='user', firstName='User', lastName='User', email='user@localhost', imageUrl='', activated=true, langKey='en', createdBy=system, createdDate=2018-11-30T09:31:05.668Z, lastModifiedBy='system', lastModifiedDate=null, authorities=[ROLE_USER]}
2018-12-29 14:42:32.573 DEBUG 73314 --- [XNIO-2 task-3] c.n.cake_club.aop.logging.LoggingAspect  : Enter: com.nortal.cake_club.web.rest.AccountResource.getAccount() with argument[s] = []
2018-12-29 14:42:32.575 DEBUG 73314 --- [XNIO-2 task-3] c.n.cake_club.aop.logging.LoggingAspect  : Enter: com.nortal.cake_club.service.UserService.getUserWithAuthorities() with argument[s] = []
2018-12-29 14:42:32.580 DEBUG 73314 --- [XNIO-2 task-3] c.n.cake_club.aop.logging.LoggingAspect  : Exit: com.nortal.cake_club.service.UserService.getUserWithAuthorities() with result = Optional[User{login='user', firstName='User', lastName='User', email='user@localhost', imageUrl='', activated='true', langKey='en', activationKey='null'}]
2018-12-29 14:42:32.585 DEBUG 73314 --- [XNIO-2 task-3] c.n.cake_club.aop.logging.LoggingAspect  : Exit: com.nortal.cake_club.web.rest.AccountResource.getAccount() with result = UserDTO{login='user', firstName='User', lastName='User', email='user@localhost', imageUrl='', activated=true, langKey='en', createdBy=system, createdDate=2018-11-30T09:31:05.668Z, lastModifiedBy='system', lastModifiedDate=null, authorities=[ROLE_USER]}
2018-12-29 14:42:43.661 DEBUG 73314 --- [XNIO-2 task-5] c.n.cake_club.aop.logging.LoggingAspect  : Enter: com.nortal.cake_club.web.rest.AccountResource.getAccount() with argument[s] = []
2018-12-29 14:42:43.662 DEBUG 73314 --- [XNIO-2 task-5] c.n.cake_club.aop.logging.LoggingAspect  : Enter: com.nortal.cake_club.service.UserService.getUserWithAuthorities() with argument[s] = []
2018-12-29 14:42:43.667 DEBUG 73314 --- [XNIO-2 task-5] c.n.cake_club.aop.logging.LoggingAspect  : Exit: com.nortal.cake_club.service.UserService.getUserWithAuthorities() with result = Optional[User{login='user', firstName='User', lastName='User', email='user@localhost', imageUrl='', activated='true', langKey='en', activationKey='null'}]
2018-12-29 14:42:43.668 DEBUG 73314 --- [XNIO-2 task-5] c.n.cake_club.aop.logging.LoggingAspect  : Exit: com.nortal.cake_club.web.rest.AccountResource.getAccount() with result = UserDTO{login='user', firstName='User', lastName='User', email='user@localhost', imageUrl='', activated=true, langKey='en', createdBy=system, createdDate=2018-11-30T09:31:05.668Z, lastModifiedBy='system', lastModifiedDate=null, authorities=[ROLE_USER]}
2018-12-29 14:42:43.884 DEBUG 73314 --- [XNIO-2 task-6] c.n.cake_club.aop.logging.LoggingAspect  : Enter: com.nortal.cake_club.web.rest.AccountResource.getAccount() with argument[s] = []
2018-12-29 14:42:43.885 DEBUG 73314 --- [XNIO-2 task-6] c.n.cake_club.aop.logging.LoggingAspect  : Enter: com.nortal.cake_club.service.UserService.getUserWithAuthorities() with argument[s] = []
2018-12-29 14:42:43.889 DEBUG 73314 --- [XNIO-2 task-6] c.n.cake_club.aop.logging.LoggingAspect  : Exit: com.nortal.cake_club.service.UserService.getUserWithAuthorities() with result = Optional[User{login='user', firstName='User', lastName='User', email='user@localhost', imageUrl='', activated='true', langKey='en', activationKey='null'}]
2018-12-29 14:42:43.890 DEBUG 73314 --- [XNIO-2 task-6] c.n.cake_club.aop.logging.LoggingAspect  : Exit: com.nortal.cake_club.web.rest.AccountResource.getAccount() with result = UserDTO{login='user', firstName='User', lastName='User', email='user@localhost', imageUrl='', activated=true, langKey='en', createdBy=system, createdDate=2018-11-30T09:31:05.668Z, lastModifiedBy='system', lastModifiedDate=null, authorities=[ROLE_USER]}
2018-12-29 14:42:49.023 DEBUG 73314 --- [XNIO-2 task-8] c.n.cake_club.aop.logging.LoggingAspect  : Enter: com.nortal.cake_club.web.rest.AccountResource.getAccount() with argument[s] = []
2018-12-29 14:42:49.024 DEBUG 73314 --- [XNIO-2 task-8] c.n.cake_club.aop.logging.LoggingAspect  : Enter: com.nortal.cake_club.service.UserService.getUserWithAuthorities() with argument[s] = []
2018-12-29 14:42:49.029 DEBUG 73314 --- [XNIO-2 task-8] c.n.cake_club.aop.logging.LoggingAspect  : Exit: com.nortal.cake_club.service.UserService.getUserWithAuthorities() with result = Optional[User{login='user', firstName='User', lastName='User', email='user@localhost', imageUrl='', activated='true', langKey='en', activationKey='null'}]
2018-12-29 14:42:49.030 DEBUG 73314 --- [XNIO-2 task-8] c.n.cake_club.aop.logging.LoggingAspect  : Exit: com.nortal.cake_club.web.rest.AccountResource.getAccount() with result = UserDTO{login='user', firstName='User', lastName='User', email='user@localhost', imageUrl='', activated=true, langKey='en', createdBy=system, createdDate=2018-11-30T09:31:05.668Z, lastModifiedBy='system', lastModifiedDate=null, authorities=[ROLE_USER]}
2018-12-29 14:42:49.298 DEBUG 73314 --- [XNIO-2 task-9] c.n.cake_club.aop.logging.LoggingAspect  : Enter: com.nortal.cake_club.web.rest.AccountResource.getAccount() with argument[s] = []
2018-12-29 14:42:49.298 DEBUG 73314 --- [XNIO-2 task-9] c.n.cake_club.aop.logging.LoggingAspect  : Enter: com.nortal.cake_club.service.UserService.getUserWithAuthorities() with argument[s] = []
2018-12-29 14:42:49.304 DEBUG 73314 --- [XNIO-2 task-9] c.n.cake_club.aop.logging.LoggingAspect  : Exit: com.nortal.cake_club.service.UserService.getUserWithAuthorities() with result = Optional[User{login='user', firstName='User', lastName='User', email='user@localhost', imageUrl='', activated='true', langKey='en', activationKey='null'}]
2018-12-29 14:42:49.304 DEBUG 73314 --- [XNIO-2 task-9] c.n.cake_club.aop.logging.LoggingAspect  : Exit: com.nortal.cake_club.web.rest.AccountResource.getAccount() with result = UserDTO{login='user', firstName='User', lastName='User', email='user@localhost', imageUrl='', activated=true, langKey='en', createdBy=system, createdDate=2018-11-30T09:31:05.668Z, lastModifiedBy='system', lastModifiedDate=null, authorities=[ROLE_USER]}
2018-12-29 15:00:11.708 DEBUG 73314 --- [XNIO-2 task-11] c.n.cake_club.aop.logging.LoggingAspect  : Enter: com.nortal.cake_club.web.rest.AccountResource.getAccount() with argument[s] = []
2018-12-29 15:00:11.725 DEBUG 73314 --- [XNIO-2 task-11] c.n.cake_club.aop.logging.LoggingAspect  : Enter: com.nortal.cake_club.service.UserService.getUserWithAuthorities() with argument[s] = []
2018-12-29 15:00:11.766 DEBUG 73314 --- [XNIO-2 task-11] c.n.cake_club.aop.logging.LoggingAspect  : Exit: com.nortal.cake_club.service.UserService.getUserWithAuthorities() with result = Optional[User{login='user', firstName='User', lastName='User', email='user@localhost', imageUrl='', activated='true', langKey='en', activationKey='null'}]
2018-12-29 15:00:11.769 DEBUG 73314 --- [XNIO-2 task-11] c.n.cake_club.aop.logging.LoggingAspect  : Exit: com.nortal.cake_club.web.rest.AccountResource.getAccount() with result = UserDTO{login='user', firstName='User', lastName='User', email='user@localhost', imageUrl='', activated=true, langKey='en', createdBy=system, createdDate=2018-11-30T09:31:05.668Z, lastModifiedBy='system', lastModifiedDate=null, authorities=[ROLE_USER]}
2018-12-29 15:00:12.020 DEBUG 73314 --- [XNIO-2 task-12] c.n.cake_club.aop.logging.LoggingAspect  : Enter: com.nortal.cake_club.web.rest.AccountResource.getAccount() with argument[s] = []
2018-12-29 15:00:12.021 DEBUG 73314 --- [XNIO-2 task-12] c.n.cake_club.aop.logging.LoggingAspect  : Enter: com.nortal.cake_club.service.UserService.getUserWithAuthorities() with argument[s] = []
2018-12-29 15:00:12.026 DEBUG 73314 --- [XNIO-2 task-12] c.n.cake_club.aop.logging.LoggingAspect  : Exit: com.nortal.cake_club.service.UserService.getUserWithAuthorities() with result = Optional[User{login='user', firstName='User', lastName='User', email='user@localhost', imageUrl='', activated='true', langKey='en', activationKey='null'}]
2018-12-29 15:00:12.026 DEBUG 73314 --- [XNIO-2 task-12] c.n.cake_club.aop.logging.LoggingAspect  : Exit: com.nortal.cake_club.web.rest.AccountResource.getAccount() with result = UserDTO{login='user', firstName='User', lastName='User', email='user@localhost', imageUrl='', activated=true, langKey='en', createdBy=system, createdDate=2018-11-30T09:31:05.668Z, lastModifiedBy='system', lastModifiedDate=null, authorities=[ROLE_USER]}
2018-12-29 15:00:17.394 DEBUG 73314 --- [XNIO-2 task-13] c.n.cake_club.aop.logging.LoggingAspect  : Enter: com.nortal.cake_club.web.rest.AccountResource.saveAccount() with argument[s] = [UserDTO{login='user', firstName='User', lastName='User', email='user@localhost', imageUrl='', activated=true, langKey='en', createdBy=null, createdDate=null, lastModifiedBy='null', lastModifiedDate=null, authorities=null}]
2018-12-29 15:00:17.403 DEBUG 73314 --- [XNIO-2 task-13] c.n.cake_club.aop.logging.LoggingAspect  : Enter: com.nortal.cake_club.service.UserService.updateUser() with argument[s] = [User, User, user@localhost, en, ]
2018-12-29 15:00:17.406 DEBUG 73314 --- [XNIO-2 task-13] c.nortal.cake_club.service.UserService   : Changed Information for User: User{login='user', firstName='User', lastName='User', email='user@localhost', imageUrl='', activated='true', langKey='en', activationKey='null'}
2018-12-29 15:00:17.406 DEBUG 73314 --- [XNIO-2 task-13] c.n.cake_club.aop.logging.LoggingAspect  : Exit: com.nortal.cake_club.service.UserService.updateUser() with result = null
2018-12-29 15:00:17.408 DEBUG 73314 --- [XNIO-2 task-13] c.n.cake_club.aop.logging.LoggingAspect  : Exit: com.nortal.cake_club.web.rest.AccountResource.saveAccount() with result = null
2018-12-29 15:00:17.427 DEBUG 73314 --- [XNIO-2 task-14] c.n.cake_club.aop.logging.LoggingAspect  : Enter: com.nortal.cake_club.web.rest.AccountResource.getAccount() with argument[s] = []
2018-12-29 15:00:17.428 DEBUG 73314 --- [XNIO-2 task-14] c.n.cake_club.aop.logging.LoggingAspect  : Enter: com.nortal.cake_club.service.UserService.getUserWithAuthorities() with argument[s] = []
2018-12-29 15:00:17.434 DEBUG 73314 --- [XNIO-2 task-14] c.n.cake_club.aop.logging.LoggingAspect  : Exit: com.nortal.cake_club.service.UserService.getUserWithAuthorities() with result = Optional[User{login='user', firstName='User', lastName='User', email='user@localhost', imageUrl='', activated='true', langKey='en', activationKey='null'}]
2018-12-29 15:00:17.436 DEBUG 73314 --- [XNIO-2 task-14] c.n.cake_club.aop.logging.LoggingAspect  : Exit: com.nortal.cake_club.web.rest.AccountResource.getAccount() with result = UserDTO{login='user', firstName='User', lastName='User', email='user@localhost', imageUrl='', activated=true, langKey='en', createdBy=system, createdDate=2018-11-30T09:31:05.668Z, lastModifiedBy='system', lastModifiedDate=null, authorities=[ROLE_USER]}
